Log file open, 10/05/18 00:03:58
LogWindows: Failed to load 'aqProf.dll' (GetLastError=126)
LogWindows: File 'aqProf.dll' does not exist
LogWindows: Failed to load 'VSPerf140.dll' (GetLastError=126)
LogWindows: File 'VSPerf140.dll' does not exist
LogWindows: Failed to load 'VtuneApi.dll' (GetLastError=126)
LogWindows: File 'VtuneApi.dll' does not exist
LogWindows: Failed to load 'VtuneApi32e.dll' (GetLastError=126)
LogWindows: File 'VtuneApi32e.dll' does not exist
LogInit: Display: Running engine for game: vreduGit
LogPlatformFile: Not using cached read wrapper
LogInit: Display: RandInit(-2061100193) SRandInit(-2061100193).
LogTaskGraph: Started task graph with 5 named threads and 14 total threads with 3 sets of task threads.
LogStats: Stats thread started at 0.203707
LogD3D11RHI: Aftermath initialized
LogPluginManager: Mounting plugin Paper2D
LogPluginManager: Mounting plugin LightPropagationVolume
LogPluginManager: Mounting plugin CodeLiteSourceCodeAccess
LogPluginManager: Mounting plugin GitSourceControl
LogPluginManager: Mounting plugin KDevelopSourceCodeAccess
LogPluginManager: Mounting plugin NullSourceCodeAccess
LogPluginManager: Mounting plugin PerforceSourceControl
LogPluginManager: Mounting plugin SubversionSourceControl
LogPluginManager: Mounting plugin UObjectPlugin
LogPluginManager: Mounting plugin VisualStudioSourceCodeAccess
LogPluginManager: Mounting plugin XCodeSourceCodeAccess
LogPluginManager: Mounting plugin AssetManagerEditor
LogPluginManager: Mounting plugin AudioCapture
LogPluginManager: Mounting plugin FacialAnimation
LogPluginManager: Mounting plugin GameplayTagsEditor
LogPluginManager: Mounting plugin MobileLauncherProfileWizard
LogPluginManager: Mounting plugin PluginBrowser
LogPluginManager: Mounting plugin SpeedTreeImporter
LogPluginManager: Mounting plugin AlembicImporter
LogPluginManager: Mounting plugin CharacterAI
LogPluginManager: Mounting plugin HTML5Networking
LogPluginManager: Mounting plugin RunebergVRPlugin
LogPluginManager: Mounting plugin AndroidMedia
LogPluginManager: Mounting plugin AvfMedia
LogPluginManager: Mounting plugin MediaPlayerEditor
LogPluginManager: Mounting plugin WmfMedia
LogPluginManager: Mounting plugin TcpMessaging
LogPluginManager: Mounting plugin UdpMessaging
LogPluginManager: Mounting plugin LevelSequenceEditor
LogPluginManager: Mounting plugin MatineeToLevelSequence
LogPluginManager: Mounting plugin OnlineSubsystemGooglePlay
LogPluginManager: Mounting plugin OnlineSubsystemIOS
LogPluginManager: Mounting plugin OnlineSubsystem
LogPluginManager: Mounting plugin OnlineSubsystemNull
LogPluginManager: Mounting plugin OnlineSubsystemUtils
LogPluginManager: Mounting plugin AndroidDeviceProfileSelector
LogPluginManager: Mounting plugin AndroidMoviePlayer
LogPluginManager: Mounting plugin AndroidPermission
LogPluginManager: Mounting plugin AppleMoviePlayer
LogPluginManager: Mounting plugin ArchVisCharacter
LogPluginManager: Mounting plugin CableComponent
LogPluginManager: Mounting plugin CustomMeshComponent
LogPluginManager: Mounting plugin ExampleDeviceProfileSelector
LogPluginManager: Mounting plugin GoogleCloudMessaging
LogPluginManager: Mounting plugin ImmediatePhysics
LogPluginManager: Mounting plugin IOSDeviceProfileSelector
LogPluginManager: Mounting plugin LinuxDeviceProfileSelector
LogPluginManager: Mounting plugin LocationServicesBPLibrary
LogPluginManager: Mounting plugin MobilePatchingUtils
LogPluginManager: Mounting plugin OculusVR
LogPluginManager: Mounting plugin PhysXVehicles
LogPluginManager: Mounting plugin ProceduralMeshComponent
LogPluginManager: Mounting plugin RuntimePhysXCooking
LogPluginManager: Mounting plugin SteamVR
LogPluginManager: Mounting plugin WindowsMoviePlayer
LogInit: Using libcurl 7.47.1
LogInit:  - built for x86_64-pc-win32
LogInit:  - supports SSL with OpenSSL/1.0.2g
LogInit:  - supports HTTP deflate (compression) using libz 1.2.8
LogInit:  - other features:
LogInit:      CURL_VERSION_SSL
LogInit:      CURL_VERSION_LIBZ
LogInit:      CURL_VERSION_IPV6
LogInit:      CURL_VERSION_ASYNCHDNS
LogInit:      CURL_VERSION_LARGEFILE
LogInit:      CURL_VERSION_IDN
LogInit:  CurlRequestOptions (configurable via config and command line):
LogInit:  - bVerifyPeer = false  - Libcurl will NOT verify peer certificate
LogInit:  - bUseHttpProxy = false  - Libcurl will NOT use HTTP proxy
LogInit:  - bDontReuseConnections = false  - Libcurl will reuse connections
LogInit:  - CertBundlePath = nullptr  - Libcurl will use whatever was configured at build time.
LogInit: Build: ++UE4+Release-4.17-CL-3658906
LogInit: Engine Version: 4.17.2-3658906+++UE4+Release-4.17
LogInit: Compatible Engine Version: 4.17.0-3573198+++UE4+Release-4.17
LogInit: Net CL: 3573198
LogDevObjectVersion: Number of dev versions registered: 16
LogDevObjectVersion:   Dev-Blueprints (B0D832E4-1F89-4F0D-ACCF-7EB736FD4AA2): 10
LogDevObjectVersion:   Dev-Build (E1C64328-A22C-4D53-A36C-8E866417BD8C): 0
LogDevObjectVersion:   Dev-Core (375EC13C-06E4-48FB-B500-84F0262A717E): 2
LogDevObjectVersion:   Dev-Editor (E4B068ED-F494-42E9-A231-DA0B2E46BB41): 20
LogDevObjectVersion:   Dev-Framework (CFFC743F-43B0-4480-9391-14DF171D2073): 28
LogDevObjectVersion:   Dev-Mobile (B02B49B5-BB20-44E9-A304-32B752E40360): 0
LogDevObjectVersion:   Dev-Networking (A4E4105C-59A1-49B5-A7C5-40C4547EDFEE): 0
LogDevObjectVersion:   Dev-Online (39C831C9-5AE6-47DC-9A44-9C173E1C8E7C): 0
LogDevObjectVersion:   Dev-Physics (78F01B33-EBEA-4F98-B9B4-84EACCB95AA2): 0
LogDevObjectVersion:   Dev-Platform (6631380F-2D4D-43E0-8009-CF276956A95A): 0
LogDevObjectVersion:   Dev-Rendering (12F88B9F-8875-4AFC-A67C-D90C383ABD29): 19
LogDevObjectVersion:   Dev-Sequencer (7B5AE74C-D270-4C10-A958-57980B212A5A): 4
LogDevObjectVersion:   Dev-VR (D7296918-1DD6-4BDD-9DE2-64A83CC13884): 0
LogDevObjectVersion:   Dev-LoadTimes (C2A15278-BFE7-4AFE-6C17-90FF531DF755): 1
LogDevObjectVersion:   Private-Geometry (6EACA3D4-40EC-4CC1-B786-8BED09428FC5): 1
LogDevObjectVersion:   Dev-AnimPhys (29E575DD-E0A3-4627-9D10-D276232CDCEA): 7
LogInit: Compiled (64-bit): Sep 22 2017 13:47:16
LogInit: Compiled with Visual C++: 19.00.24215.01
LogInit: Build Configuration: Development
LogInit: Branch Name: ++UE4+Release-4.17
LogInit: Command line:  
LogInit: Base directory: C:/Program Files/Epic Games/UE_4.17/Engine/Binaries/Win64/
LogInit: Installed Engine Build: 1
LogInit: Presizing for max 8388607 objects, including 0 objects not considered by GC, pre-allocating 0 bytes for permanent pool.
LogInit: Object subsystem initialized
[2018.10.04-22.03.59:044][  0]LogInit: Selected Device Profile: [Windows]
[2018.10.04-22.03.59:044][  0]LogInit: Applying CVar settings loaded from the selected device profile: [Windows]
[2018.10.04-22.03.59:056][  0]LogInit: Computer: PROTO
[2018.10.04-22.03.59:056][  0]LogInit: User: Magnus
[2018.10.04-22.03.59:056][  0]LogInit: CPU Page size=4096, Cores=4
[2018.10.04-22.03.59:056][  0]LogInit: High frequency timer resolution =2.441435 MHz
[2018.10.04-22.03.59:056][  0]LogMemory: Memory total: Physical=8.0GB (8GB approx)
[2018.10.04-22.03.59:056][  0]LogMemory: Platform Memory Stats for Windows
[2018.10.04-22.03.59:056][  0]LogMemory: Process Physical Memory: 281.04 MB used, 281.04 MB peak
[2018.10.04-22.03.59:056][  0]LogMemory: Process Virtual Memory: 285.77 MB used, 285.77 MB peak
[2018.10.04-22.03.59:056][  0]LogMemory: Physical Memory: 7565.81 MB used,  575.95 MB free, 8141.77 MB total
[2018.10.04-22.03.59:056][  0]LogMemory: Virtual Memory: 665.09 MB used,  575.95 MB free, 8388608.00 MB total
[2018.10.04-22.03.59:271][  0]LogInit: Using OS detected language (sv-SE).
[2018.10.04-22.03.59:272][  0]LogInit: Using OS detected locale (sv-SE).
[2018.10.04-22.03.59:282][  0]LogTextLocalizationManager: No localization for 'sv-SE' exists, so 'en' will be used for the language.
[2018.10.04-22.03.59:282][  0]LogTextLocalizationManager: No localization for 'sv-SE' exists, so 'en' will be used for the locale.
[2018.10.04-22.04.00:357][  0]LogD3D11RHI: D3D11 adapters:
[2018.10.04-22.04.00:392][  0]LogD3D11RHI:    0. 'NVIDIA GeForce GTX 970' (Feature Level 11_0)
[2018.10.04-22.04.00:392][  0]LogD3D11RHI:       4007/0/3814 MB DedicatedVideo/DedicatedSystem/SharedSystem, Outputs:1, VendorId:0x10de
[2018.10.04-22.04.00:392][  0]LogD3D11RHI: Chosen D3D11 Adapter: 0
[2018.10.04-22.04.00:398][  0]LogD3D11RHI: Creating new Direct3DDevice
[2018.10.04-22.04.00:398][  0]LogD3D11RHI:     GPU DeviceId: 0x13c2 (for the marketing name, search the web for "GPU Device Id")
[2018.10.04-22.04.00:398][  0]LogWindows: EnumDisplayDevices:
[2018.10.04-22.04.00:399][  0]LogWindows:    0. 'NVIDIA GeForce GTX 970' (P:1 D:1)
[2018.10.04-22.04.00:399][  0]LogWindows:    1. 'NVIDIA GeForce GTX 970' (P:0 D:0)
[2018.10.04-22.04.00:400][  0]LogWindows:    2. 'NVIDIA GeForce GTX 970' (P:0 D:0)
[2018.10.04-22.04.00:400][  0]LogWindows:    3. 'NVIDIA GeForce GTX 970' (P:0 D:0)
[2018.10.04-22.04.00:400][  0]LogWindows:    4. 'RDPDD Chained DD' (P:0 D:0)
[2018.10.04-22.04.00:400][  0]LogWindows:    5. 'RDP Encoder Mirror Driver' (P:0 D:0)
[2018.10.04-22.04.00:401][  0]LogWindows:    6. 'RDP Reflector Display Driver' (P:0 D:0)
[2018.10.04-22.04.00:401][  0]LogWindows: DebugString: GetVideoDriverDetailsInvalid PrimaryIsNotTheChoosenAdapter GetVideoDriverDetailsInvalid PrimaryIsNotTheChoosenAdapter GetVideoDriverDetailsInvalid PrimaryIsNotTheChoosenAdapter FoundDriverCount:4 
[2018.10.04-22.04.00:401][  0]LogD3D11RHI:     Adapter Name: NVIDIA GeForce GTX 970
[2018.10.04-22.04.00:401][  0]LogD3D11RHI:   Driver Version: 388.13 (internal:23.21.13.8813, unified:388.13)
[2018.10.04-22.04.00:401][  0]LogD3D11RHI:      Driver Date: 10-27-2017
[2018.10.04-22.04.00:401][  0]LogRHI: Texture pool is 1361 MB (70% of 1945 MB)
[2018.10.04-22.04.00:411][  0]LogD3D11RHI: Async texture creation enabled
[2018.10.04-22.04.00:427][  0]LogD3D11RHI: GPU Timing Frequency: 1000.000000 (Debug: 2 2)
[2018.10.04-22.04.00:430][  0]LogShaderCompilers: Guid format shader working directory is -36 characters bigger than the processId version (../../../../../../Users/Magnus/Documents/Unreal Projects/vreduGit/vreduGit/vreduGit/Intermediate/Shaders/WorkingDirectory/5536/).
[2018.10.04-22.04.00:430][  0]LogShaderCompilers: Cleaned the shader compiler working directory 'C:/Users/Magnus/AppData/Local/Temp/UnrealShaderWorkingDir/968A3D6042FF01C39EB9BA97CEF4A52D/'.
[2018.10.04-22.04.00:430][  0]LogShaderCompilers: Display: Using Local Shader Compiler.
[2018.10.04-22.04.02:289][  0]LogTemp: Display: Loaded TP AllDesktopTargetPlatform
[2018.10.04-22.04.02:361][  0]LogTemp: Display: Loaded TP MacClientTargetPlatform
[2018.10.04-22.04.02:439][  0]LogTemp: Display: Loaded TP MacNoEditorTargetPlatform
[2018.10.04-22.04.02:515][  0]LogTemp: Display: Loaded TP MacServerTargetPlatform
[2018.10.04-22.04.02:609][  0]LogTemp: Display: Loaded TP MacTargetPlatform
[2018.10.04-22.04.02:703][  0]LogTemp: Display: Loaded TP WindowsClientTargetPlatform
[2018.10.04-22.04.02:790][  0]LogTemp: Display: Loaded TP WindowsNoEditorTargetPlatform
[2018.10.04-22.04.02:875][  0]LogTemp: Display: Loaded TP WindowsServerTargetPlatform
[2018.10.04-22.04.02:938][  0]LogTemp: Display: Loaded TP WindowsTargetPlatform
[2018.10.04-22.04.03:004][  0]LogTemp: Display: Loaded TP AndroidTargetPlatform
[2018.10.04-22.04.03:065][  0]LogTemp: Display: Loaded TP Android_ASTCTargetPlatform
[2018.10.04-22.04.03:128][  0]LogTemp: Display: Loaded TP Android_ATCTargetPlatform
[2018.10.04-22.04.03:195][  0]LogTemp: Display: Loaded TP Android_DXTTargetPlatform
[2018.10.04-22.04.03:268][  0]LogTemp: Display: Loaded TP Android_ETC1TargetPlatform
[2018.10.04-22.04.03:338][  0]LogTemp: Display: Loaded TP Android_ETC2TargetPlatform
[2018.10.04-22.04.03:466][  0]LogTemp: Display: Loaded TP Android_MultiTargetPlatform
[2018.10.04-22.04.03:466][  0]LogTemp: Display: Loaded TP Android_PVRTCTargetPlatform
[2018.10.04-22.04.03:521][  0]LogTemp: Display: Loaded TP HTML5TargetPlatform
[2018.10.04-22.04.03:631][  0]LogTemp: Display: Loaded TP IOSTargetPlatform
[2018.10.04-22.04.03:665][  0]LogTemp: Display: Loaded TP TVOSTargetPlatform
[2018.10.04-22.04.03:727][  0]LogTemp: Display: Loaded TP LinuxClientTargetPlatform
[2018.10.04-22.04.03:791][  0]LogTemp: Display: Loaded TP LinuxNoEditorTargetPlatform
[2018.10.04-22.04.03:854][  0]LogTemp: Display: Loaded TP LinuxServerTargetPlatform
[2018.10.04-22.04.03:919][  0]LogTemp: Display: Loaded TP LinuxTargetPlatform
[2018.10.04-22.04.03:919][  0]LogTargetPlatformManager: Display: Building Assets For Windows
[2018.10.04-22.04.04:503][  0]LogDerivedDataCache: Display: Max Cache Size: 512 MB
[2018.10.04-22.04.04:839][  0]LogDerivedDataCache: Loaded boot cache 0.34s 110MB C:/Users/Magnus/AppData/Local/UnrealEngine/4.17/DerivedDataCache/Boot.ddc.
[2018.10.04-22.04.04:839][  0]LogDerivedDataCache: Display: Loaded Boot cache: C:/Users/Magnus/AppData/Local/UnrealEngine/4.17/DerivedDataCache/Boot.ddc
[2018.10.04-22.04.04:839][  0]LogDerivedDataCache: FDerivedDataBackendGraph:  Pak pak cache file ../../../../../../Users/Magnus/Documents/Unreal Projects/vreduGit/vreduGit/vreduGit/DerivedDataCache/DDC.ddp not found, will not use a pak cache.
[2018.10.04-22.04.04:839][  0]LogDerivedDataCache: Unable to find inner node Pak for hierarchical cache Hierarchy.
[2018.10.04-22.04.04:839][  0]LogDerivedDataCache: FDerivedDataBackendGraph:  CompressedPak pak cache file ../../../../../../Users/Magnus/Documents/Unreal Projects/vreduGit/vreduGit/vreduGit/DerivedDataCache/Compressed.ddp not found, will not use a pak cache.
[2018.10.04-22.04.04:839][  0]LogDerivedDataCache: Unable to find inner node CompressedPak for hierarchical cache Hierarchy.
[2018.10.04-22.04.04:859][  0]LogDerivedDataCache: Display: Pak cache opened for reading ../../../Engine/DerivedDataCache/Compressed.ddp.
[2018.10.04-22.04.04:871][  0]LogDerivedDataCache: Using Local data cache path C:/Users/Magnus/AppData/Local/UnrealEngine/Common/DerivedDataCache: Writable
[2018.10.04-22.04.04:883][  0]LogMaterial: Verifying Global Shaders for PCD3D_SM5
[2018.10.04-22.04.04:883][  0]LogSlate: Using Freetype 2.6.0
[2018.10.04-22.04.04:885][  0]LogSlate: SlateFontCache - WITH_FREETYPE: 1, WITH_HARFBUZZ: 1
[2018.10.04-22.04.04:885][  0]LogSlate: SlateFontCache - WITH_FREETYPE: 1, WITH_HARFBUZZ: 1
[2018.10.04-22.04.05:435][  0]LogAssetRegistry: FAssetRegistry took 0.0249 seconds to start up
[2018.10.04-22.04.05:652][  0]LogInit: Selected Device Profile: [Windows]
[2018.10.04-22.04.05:658][  0]LogContentStreaming: Texture pool size is 0.00 MB
[2018.10.04-22.04.06:138][  0]LogSimplygon: Simplygon DLL not present - disabling.
[2018.10.04-22.04.06:189][  0]LogMeshReduction: Using SimplygonSwarm for distributed automatic mesh merging
[2018.10.04-22.04.06:189][  0]LogMeshReduction: Using QuadricMeshReduction for automatic static mesh reduction
[2018.10.04-22.04.06:189][  0]LogMeshReduction: No automatic skeletal mesh reduction module available
[2018.10.04-22.04.06:189][  0]LogMeshReduction: No automatic mesh merging module available
[2018.10.04-22.04.06:189][  0]LogMeshMerging: No automatic mesh merging module available
[2018.10.04-22.04.06:622][  0]LogNetVersion: vreduGit , NetCL: 3573198, EngineNetVer: 2, GameNetVer: 0 (Checksum: 3176732397)
[2018.10.04-22.04.06:873][  0]LogPackageLocalizationCache: Processed 6 localized package path(s) for 1 prioritized culture(s) in 0.031141 seconds
[2018.10.04-22.04.06:882][  0]LogUObjectArray: 35825 objects as part of root set at end of initial load.
[2018.10.04-22.04.06:882][  0]LogUObjectAllocator: 7529112 out of 0 bytes used by permanent object pool.
[2018.10.04-22.04.06:882][  0]LogUObjectArray: CloseDisregardForGC: 0/0 objects in disregard for GC pool
[2018.10.04-22.04.06:962][  0]LogInit: WinSock: version 1.1 (2.2), MaxSocks=32767, MaxUdp=65467
[2018.10.04-22.04.10:854][  0]LogTcpMessaging: Initializing TcpMessaging bridge
[2018.10.04-22.04.10:899][  0]LogUdpMessaging: Initializing bridge on interface 0.0.0.0:0 to multicast group 230.0.0.1:6666.
[2018.10.04-22.04.11:753][  0]LogMaterial: Uniform references updated for custom material expression Custom.
[2018.10.04-22.04.12:303][  0]SourceControl: Source control is disabled
[2018.10.04-22.04.12:303][  0]SourceControl: Source control is disabled
[2018.10.04-22.04.12:368][  0]SourceControl: Source control is disabled
[2018.10.04-22.04.12:428][  0]SourceControl: Source control is disabled
[2018.10.04-22.04.13:331][  0]LogAndroidPermission: UAndroidPermissionCallbackProxy::GetInstance
[2018.10.04-22.04.13:679][  0]LogOcInput: OculusInput pre-init called
[2018.10.04-22.04.14:006][  0]LogEngine: Initializing Engine...
[2018.10.04-22.04.14:617][  0]LogHMD: SteamVR initialized.  Driver: lighthouse  Display: LHR-7E82AAD1
[2018.10.04-22.04.15:432][  0]LogStats: UGameplayTagsManager::ConstructGameplayTagTree: Construct from data asset -  0.000 s
[2018.10.04-22.04.15:432][  0]LogStats: UGameplayTagsManager::ConstructGameplayTagTree: GameplayTagTreeChangedEvent.Broadcast -  0.000 s
[2018.10.04-22.04.15:820][  0]LogAIModule: Creating AISystem for world Untitled
[2018.10.04-22.04.16:175][  0]LogInit: XAudio2 using 'Headphones (2- High Definition Audio Device)' : 2 channels at 44.1 kHz using 16 bits per sample (channel mask 0x3)
[2018.10.04-22.04.16:198][  0]LogInit: FAudioDevice initialized.
[2018.10.04-22.04.16:331][  0]LogDerivedDataCache: Saved boot cache 0.13s 93MB C:/Users/Magnus/AppData/Local/UnrealEngine/4.17/DerivedDataCache/Boot.ddc.
[2018.10.04-22.04.16:347][  0]LogInit: Texture streaming: Enabled
[2018.10.04-22.04.16:480][  0]LogEngineSessionManager: EngineSessionManager initialized
[2018.10.04-22.04.16:876][  0]LogInit: Transaction tracking system initialized
[2018.10.04-22.04.17:359][  0]BlueprintLog: New page: Editor Load
[2018.10.04-22.04.18:538][  0]LocalizationService: Localization service is disabled
[2018.10.04-22.04.19:233][  0]LogLinker: Warning: Can't find file '/Game/VehicleAdvBP/AdvancedVehicleOverview'
[2018.10.04-22.04.19:233][  0]LogLinker: Warning: Can't find file '/Game/VehicleAdvBP/AdvancedVehicleOverview'
[2018.10.04-22.04.19:233][  0]LogUObjectGlobals: Warning: Failed to find object 'Class /Game/VehicleAdvBP/AdvancedVehicleOverview.AdvancedVehicleOverview_C'
[2018.10.04-22.04.19:480][  0]LogConsoleResponse: Display: 
[2018.10.04-22.04.19:743][  0]LogCook: Display: Max memory allowance for cook 16384mb min free memory 0mb
[2018.10.04-22.04.19:743][  0]LogCook: Display: Mobile HDR setting 1
[2018.10.04-22.04.19:743][  0]LogGameplayTags: Display: UGameplayTagsManager::DoneAddingNativeTags. DelegateIsBound: 0
[2018.10.04-22.04.20:481][  0]LogFileCache: Scanning file cache for directory 'C:/Users/Magnus/Documents/Unreal Projects/vreduGit/vreduGit/vreduGit/Content/' took 0.02s
[2018.10.04-22.04.21:208][  0]SourceControl: Source control is disabled
[2018.10.04-22.04.21:208][  0]Cmd: MAP LOAD FILE="../../../../../../Users/Magnus/Documents/Unreal Projects/vreduGit/vreduGit/vreduGit/Content/StarterContent/Maps/Minimal_Default.umap" TEMPLATE=0 SHOWPROGRESS=1 FEATURELEVEL=3
[2018.10.04-22.04.21:210][  0]LightingResults: New page: Lighting Build
[2018.10.04-22.04.21:261][  0]MapCheck: New page: Map Check
[2018.10.04-22.04.21:261][  0]LightingResults: New page: Lighting Build
[2018.10.04-22.04.21:711][  0]LogAIModule: Creating AISystem for world Minimal_Default
[2018.10.04-22.04.21:721][  0]LogEditorServer: Finished looking for orphan Actors (0.000 secs)
[2018.10.04-22.04.21:743][  0]Cmd: MAP CHECKDEP NOCLEARLOG
[2018.10.04-22.04.21:831][  0]MapCheck: Map check complete: 0 Error(s), 0 Warning(s), took 87.279ms to complete.
[2018.10.04-22.04.21:831][  0]LogFileHelpers: Loading map 'Minimal_Default' took 0.623
[2018.10.04-22.04.22:004][  0]LogCollectionManager: Loaded 0 collections in 0.003622 seconds
[2018.10.04-22.04.22:122][  0]LogFileCache: Scanning file cache for directory 'C:/Users/Magnus/Documents/Unreal Projects/vreduGit/vreduGit/vreduGit/Saved/Collections/' took 0.01s
[2018.10.04-22.04.22:122][  0]LogFileCache: Scanning file cache for directory 'C:/Users/Magnus/Documents/Unreal Projects/vreduGit/vreduGit/vreduGit/Content/Developers/Magnus/Collections/' took 0.01s
[2018.10.04-22.04.22:122][  0]LogFileCache: Scanning file cache for directory 'C:/Users/Magnus/Documents/Unreal Projects/vreduGit/vreduGit/vreduGit/Content/Collections/' took 0.01s
[2018.10.04-22.04.22:122][  0]LogCollectionManager: Rebuilt the GUID cache for 0 collections in 0.000000 seconds
[2018.10.04-22.04.22:134][  0]LogContentBrowser: Native class hierarchy populated in 0.0112 seconds. Added 2397 classes and 503 folders.
[2018.10.04-22.04.22:218][  0]LogContentBrowser: Native class hierarchy updated for 'WidgetCarousel' in 0.0007 seconds. Added 0 classes and 0 folders.
[2018.10.04-22.04.22:367][  0]LogContentBrowser: Native class hierarchy updated for 'AddContentDialog' in 0.0006 seconds. Added 0 classes and 0 folders.
[2018.10.04-22.04.22:429][  0]LogContentBrowser: Native class hierarchy updated for 'SceneOutliner' in 0.0007 seconds. Added 1 classes and 2 folders.
[2018.10.04-22.04.22:507][  0]LogDirectoryWatcher: Warning: Failed to begin reading directory changes for ../../../../../../Users/Magnus/Documents/Unreal Projects/vreduGit/vreduGit/vreduGit/Plugins/. Error: The system cannot find the file specified. (0x00000002)
[2018.10.04-22.04.22:513][  0]LogSlate: Took 0.002819 seconds to synchronously load lazily loaded font '../../../Engine/Content/Slate/Fonts/Roboto-Regular.ttf' (155K)
[2018.10.04-22.04.22:516][  0]LogSlate: Took 0.001010 seconds to synchronously load lazily loaded font '../../../Engine/Content/Slate/Fonts/Roboto-Bold.ttf' (160K)
[2018.10.04-22.04.22:523][  0]LogSlate: Took 0.001511 seconds to synchronously load lazily loaded font '../../../Engine/Content/Editor/Slate/Fonts/FontAwesome.ttf' (139K)
[2018.10.04-22.04.22:524][  0]LogSlate: Took 0.000838 seconds to synchronously load lazily loaded font '../../../Engine/Content/Editor/Slate/Fonts/DroidSansMono.ttf' (77K)
[2018.10.04-22.04.22:663][  0]LogRenderer: Reallocating scene render targets to support 1056x544 Format 10 NumSamples 1 (Frame:1).
[2018.10.04-22.04.22:935][  0]LogContentBrowser: Native class hierarchy updated for 'HierarchicalLODOutliner' in 0.0010 seconds. Added 1 classes and 2 folders.
[2018.10.04-22.04.22:936][  0]LogLoad: (Engine Initialization) Total time: 26.37 seconds
[2018.10.04-22.04.22:936][  0]LogLoad: (Engine Initialization) Total Blueprint compile time: 0.00 seconds
[2018.10.04-22.04.22:936][  0]LogExternalProfiler: No external profilers were discovered.  External profiling features will not be available.
[2018.10.04-22.04.22:950][  0]LogSteamVRController: Controller role for device 2 is 0 (invalid=0, left=1, right=2).
[2018.10.04-22.04.22:950][  0]LogSteamVRController: Warning: Controller device 2 has no role set.  There is no 'right' controller according to steamvr, so we are pickign that.
[2018.10.04-22.04.22:962][  0]LogSteamVRController: Controller role for device 3 is 0 (invalid=0, left=1, right=2).
[2018.10.04-22.04.22:962][  0]LogSteamVRController: Putting controller 3 on the left hand because there is already a controller for the right.
[2018.10.04-22.04.22:984][  0]LogContentStreaming: Texture pool size now 1000 MB
[2018.10.04-22.04.23:038][  1]LogAssetRegistry: Asset discovery search completed in 17.6237 seconds
[2018.10.04-22.04.23:041][  1]LogCollectionManager: Rebuilt the object cache for 0 collections in 0.000001 seconds (found 0 objects)
[2018.10.04-22.04.23:041][  1]LogCollectionManager: Fixed up redirectors for 0 collections in 0.000258 seconds (updated 0 objects)
[2018.10.04-22.05.28:958][145]LogDirectoryWatcher: A directory notification for '../../../Engine/Plugins/' was aborted.
[2018.10.04-22.05.31:128][395]LogSlate: Took 0.001123 seconds to synchronously load lazily loaded font '../../../Engine/Content/Slate/Fonts/Roboto-Light.ttf' (159K)
[2018.10.04-22.05.43:077][793]LogSlate: Took 0.000226 seconds to synchronously load lazily loaded font '../../../Engine/Content/Slate/Fonts/Roboto-Light.ttf' (159K)
[2018.10.04-22.05.43:144][793]LogSlate: Took 0.000978 seconds to synchronously load lazily loaded font '../../../Engine/Content/Editor/Slate/Fonts/Roboto-BoldCondensed.ttf' (158K)
[2018.10.04-22.06.04:262][187]Running C:/Program Files/Epic Games/UE_4.17/Engine/Binaries/DotNET/UnrealBuildTool.exe  -projectfiles -project="C:/Users/Magnus/Documents/Unreal Projects/vreduGit/vreduGit/vreduGit/vreduGit.uproject" -game -rocket -progress
[2018.10.04-22.06.05:072][187]Discovering modules, targets and source code for project...
[2018.10.04-22.06.10:673][187]LogSlate: Took 0.000180 seconds to synchronously load lazily loaded font '../../../Engine/Content/Slate/Fonts/Roboto-Regular.ttf' (155K)
[2018.10.04-22.06.12:188][187]LogHotReload: Recompiling module vreduGit...
[2018.10.04-22.06.12:191][187]LogVSAccessor: Warning: Couldn't access Visual Studio
[2018.10.04-22.06.12:212][187]Candidate modules for hot reload:
[2018.10.04-22.06.12:212][187]  vreduGit
[2018.10.04-22.06.12:213][187]Launching UnrealBuildTool... [C:/Program Files/Epic Games/UE_4.17/Engine/Binaries/DotNET/UnrealBuildTool.exe vreduGit -Module vreduGit Win64 Development -editorrecompile -canskiplink "C:/Users/Magnus/Documents/Unreal Projects/vreduGit/vreduGit/vreduGit/vreduGit.uproject" ]
[2018.10.04-22.06.48:425][187]Performing full C++ include scan (hot reloading a new target)
Compiling game modules for hot reload
Parsing headers for vreduGitEditor
  Running UnrealHeaderTool "C:\Users\Magnus\Documents\Unreal Projects\vreduGit\vreduGit\vreduGit\vreduGit.uproject" "C:\Users\Magnus\Documents\Unreal Projects\vreduGit\vreduGit\vreduGit\Intermediate\Build\Win64\vreduGitEditor\Development\vreduGitEditor.uhtmanifest" -LogCmds="loginit warning, logexit warning, logdatabase error" -Unattended -WarningsAsErrors -installed
Reflection code generated for vreduGitEditor in 10,2214418 seconds
Performing 9 actions (8 in parallel)
[2/9] Resource ModuleVersionResource.rc.inl
[3/9] Resource PCLaunch.rc
SharedPCH.Engine.cpp
MyActor.gen.cpp
vreduGit.init.gen.cpp
MyActor.cpp
vreduGit.cpp
[8/9] Link UE4Editor-vreduGit.dll
[9/9] Link UE4Editor-vreduGit.lib
   Creating library C:\Users\Magnus\Documents\Unreal Projects\vreduGit\vreduGit\vreduGit\Intermediate\Build\Win64\UE4Editor\Development\UE4Editor-vreduGit.lib and object C:\Users\Magnus\Documents\Unreal Projects\vreduGit\vreduGit\vreduGit\Intermediate\Build\Win64\UE4Editor\Development\UE4Editor-vreduGit.exp
   Creating library C:\Users\Magnus\Documents\Unreal Projects\vreduGit\vreduGit\vreduGit\Intermediate\Build\Win64\UE4Editor\Development\UE4Editor-vreduGit.suppressed.lib and object C:\Users\Magnus\Documents\Unreal Projects\vreduGit\vreduGit\vreduGit\Intermediate\Build\Win64\UE4Editor\Development\UE4Editor-vreduGit.suppressed.exp
Total build time: 35,78 seconds (Local executor: 14,39 seconds)

[2018.10.04-22.06.48:429][187]CompilerResultsLog: New page: Compilation - Oct 5, 2018, 2:06:48 AM
[2018.10.04-22.06.48:429][187]CompilerResultsLog: Performing full C++ include scan (hot reloading a new target)
[2018.10.04-22.06.48:430][187]CompilerResultsLog: Compiling game modules for hot reload
[2018.10.04-22.06.48:430][187]CompilerResultsLog: Parsing headers for vreduGitEditor
[2018.10.04-22.06.48:430][187]CompilerResultsLog:   Running UnrealHeaderTool "C:\Users\Magnus\Documents\Unreal Projects\vreduGit\vreduGit\vreduGit\vreduGit.uproject" "C:\Users\Magnus\Documents\Unreal Projects\vreduGit\vreduGit\vreduGit\Intermediate\Build\Win64\vreduGitEditor\Development\vreduGitEditor.uhtmanifest" -LogCmds="loginit warning, logexit warning, logdatabase error" -Unattended -WarningsAsErrors -installed
[2018.10.04-22.06.48:430][187]CompilerResultsLog: Reflection code generated for vreduGitEditor in 10,2214418 seconds
[2018.10.04-22.06.48:431][187]CompilerResultsLog: Performing 9 actions (8 in parallel)
[2018.10.04-22.06.48:431][187]CompilerResultsLog: [2/9] Resource ModuleVersionResource.rc.inl
[2018.10.04-22.06.48:431][187]CompilerResultsLog: [3/9] Resource PCLaunch.rc
[2018.10.04-22.06.48:431][187]CompilerResultsLog: SharedPCH.Engine.cpp
[2018.10.04-22.06.48:431][187]CompilerResultsLog: MyActor.gen.cpp
[2018.10.04-22.06.48:431][187]CompilerResultsLog: vreduGit.init.gen.cpp
[2018.10.04-22.06.48:431][187]CompilerResultsLog: MyActor.cpp
[2018.10.04-22.06.48:431][187]CompilerResultsLog: vreduGit.cpp
[2018.10.04-22.06.48:431][187]CompilerResultsLog: [8/9] Link UE4Editor-vreduGit.dll
[2018.10.04-22.06.48:431][187]CompilerResultsLog: [9/9] Link UE4Editor-vreduGit.lib
[2018.10.04-22.06.48:431][187]CompilerResultsLog:    Creating library C:\Users\Magnus\Documents\Unreal Projects\vreduGit\vreduGit\vreduGit\Intermediate\Build\Win64\UE4Editor\Development\UE4Editor-vreduGit.lib and object C:\Users\Magnus\Documents\Unreal Projects\vreduGit\vreduGit\vreduGit\Intermediate\Build\Win64\UE4Editor\Development\UE4Editor-vreduGit.exp
[2018.10.04-22.06.48:432][187]CompilerResultsLog:    Creating library C:\Users\Magnus\Documents\Unreal Projects\vreduGit\vreduGit\vreduGit\Intermediate\Build\Win64\UE4Editor\Development\UE4Editor-vreduGit.suppressed.lib and object C:\Users\Magnus\Documents\Unreal Projects\vreduGit\vreduGit\vreduGit\Intermediate\Build\Win64\UE4Editor\Development\UE4Editor-vreduGit.suppressed.exp
[2018.10.04-22.06.48:432][187]CompilerResultsLog: Total build time: 35,78 seconds (Local executor: 14,39 seconds)
[2018.10.04-22.06.48:433][187]LogMainFrame: MainFrame: Module compiling took 36.240 seconds
[2018.10.04-22.06.48:434][187]Reloading module vreduGit after successful compile.
[2018.10.04-22.06.48:622][187]LogContentBrowser: Native class hierarchy updated for 'vreduGit' in 0.0017 seconds. Added 1 classes and 2 folders.
[2018.10.04-22.06.48:644][187]LogContentBrowser: Native class hierarchy populated in 0.0163 seconds. Added 2400 classes and 509 folders.
[2018.10.04-22.07.01:513][381]LogVSAccessor: Warning: Couldn't goto line number '0' in 'C:/Users/Magnus/Documents/Unreal Projects/vreduGit/vreduGit/vreduGit/Source/vreduGit/MyActor.h'
[2018.10.04-22.07.01:713][381]LogVSAccessor: Warning: Couldn't goto line number '0' in 'C:/Users/Magnus/Documents/Unreal Projects/vreduGit/vreduGit/vreduGit/Source/vreduGit/MyActor.cpp'
