Log file open, 10/03/18 22:16:02
LogWindows: Failed to load 'aqProf.dll' (GetLastError=126)
LogWindows: File 'aqProf.dll' does not exist
LogWindows: Failed to load 'VSPerf140.dll' (GetLastError=126)
LogWindows: File 'VSPerf140.dll' does not exist
LogWindows: Failed to load 'VtuneApi.dll' (GetLastError=126)
LogWindows: File 'VtuneApi.dll' does not exist
LogWindows: Failed to load 'VtuneApi32e.dll' (GetLastError=126)
LogWindows: File 'VtuneApi32e.dll' does not exist
LogInit: Display: Running engine for game: vreduGit
LogPlatformFile: Not using cached read wrapper
LogInit: Display: RandInit(-1174295649) SRandInit(-1174295649).
LogTaskGraph: Started task graph with 5 named threads and 14 total threads with 3 sets of task threads.
LogStats: Stats thread started at 0.201363
LogD3D11RHI: Aftermath initialized
LogPluginManager: Mounting plugin Paper2D
LogPluginManager: Mounting plugin LightPropagationVolume
LogPluginManager: Mounting plugin CodeLiteSourceCodeAccess
LogPluginManager: Mounting plugin GitSourceControl
LogPluginManager: Mounting plugin KDevelopSourceCodeAccess
LogPluginManager: Mounting plugin NullSourceCodeAccess
LogPluginManager: Mounting plugin PerforceSourceControl
LogPluginManager: Mounting plugin SubversionSourceControl
LogPluginManager: Mounting plugin UObjectPlugin
LogPluginManager: Mounting plugin VisualStudioSourceCodeAccess
LogPluginManager: Mounting plugin XCodeSourceCodeAccess
LogPluginManager: Mounting plugin AssetManagerEditor
LogPluginManager: Mounting plugin AudioCapture
LogPluginManager: Mounting plugin FacialAnimation
LogPluginManager: Mounting plugin GameplayTagsEditor
LogPluginManager: Mounting plugin MobileLauncherProfileWizard
LogPluginManager: Mounting plugin PluginBrowser
LogPluginManager: Mounting plugin SpeedTreeImporter
LogPluginManager: Mounting plugin AlembicImporter
LogPluginManager: Mounting plugin CharacterAI
LogPluginManager: Mounting plugin HTML5Networking
LogPluginManager: Mounting plugin RunebergVRPlugin
LogPluginManager: Mounting plugin AndroidMedia
LogPluginManager: Mounting plugin AvfMedia
LogPluginManager: Mounting plugin MediaPlayerEditor
LogPluginManager: Mounting plugin WmfMedia
LogPluginManager: Mounting plugin TcpMessaging
LogPluginManager: Mounting plugin UdpMessaging
LogPluginManager: Mounting plugin LevelSequenceEditor
LogPluginManager: Mounting plugin MatineeToLevelSequence
LogPluginManager: Mounting plugin OnlineSubsystemGooglePlay
LogPluginManager: Mounting plugin OnlineSubsystemIOS
LogPluginManager: Mounting plugin OnlineSubsystem
LogPluginManager: Mounting plugin OnlineSubsystemNull
LogPluginManager: Mounting plugin OnlineSubsystemUtils
LogPluginManager: Mounting plugin AndroidDeviceProfileSelector
LogPluginManager: Mounting plugin AndroidMoviePlayer
LogPluginManager: Mounting plugin AndroidPermission
LogPluginManager: Mounting plugin AppleMoviePlayer
LogPluginManager: Mounting plugin ArchVisCharacter
LogPluginManager: Mounting plugin CableComponent
LogPluginManager: Mounting plugin CustomMeshComponent
LogPluginManager: Mounting plugin ExampleDeviceProfileSelector
LogPluginManager: Mounting plugin GoogleCloudMessaging
LogPluginManager: Mounting plugin ImmediatePhysics
LogPluginManager: Mounting plugin IOSDeviceProfileSelector
LogPluginManager: Mounting plugin LinuxDeviceProfileSelector
LogPluginManager: Mounting plugin LocationServicesBPLibrary
LogPluginManager: Mounting plugin MobilePatchingUtils
LogPluginManager: Mounting plugin OculusVR
LogPluginManager: Mounting plugin PhysXVehicles
LogPluginManager: Mounting plugin ProceduralMeshComponent
LogPluginManager: Mounting plugin RuntimePhysXCooking
LogPluginManager: Mounting plugin SteamVR
LogPluginManager: Mounting plugin WindowsMoviePlayer
LogInit: Using libcurl 7.47.1
LogInit:  - built for x86_64-pc-win32
LogInit:  - supports SSL with OpenSSL/1.0.2g
LogInit:  - supports HTTP deflate (compression) using libz 1.2.8
LogInit:  - other features:
LogInit:      CURL_VERSION_SSL
LogInit:      CURL_VERSION_LIBZ
LogInit:      CURL_VERSION_IPV6
LogInit:      CURL_VERSION_ASYNCHDNS
LogInit:      CURL_VERSION_LARGEFILE
LogInit:      CURL_VERSION_IDN
LogInit:  CurlRequestOptions (configurable via config and command line):
LogInit:  - bVerifyPeer = false  - Libcurl will NOT verify peer certificate
LogInit:  - bUseHttpProxy = false  - Libcurl will NOT use HTTP proxy
LogInit:  - bDontReuseConnections = false  - Libcurl will reuse connections
LogInit:  - CertBundlePath = nullptr  - Libcurl will use whatever was configured at build time.
LogInit: Build: ++UE4+Release-4.17-CL-3658906
LogInit: Engine Version: 4.17.2-3658906+++UE4+Release-4.17
LogInit: Compatible Engine Version: 4.17.0-3573198+++UE4+Release-4.17
LogInit: Net CL: 3573198
LogDevObjectVersion: Number of dev versions registered: 16
LogDevObjectVersion:   Dev-Blueprints (B0D832E4-1F89-4F0D-ACCF-7EB736FD4AA2): 10
LogDevObjectVersion:   Dev-Build (E1C64328-A22C-4D53-A36C-8E866417BD8C): 0
LogDevObjectVersion:   Dev-Core (375EC13C-06E4-48FB-B500-84F0262A717E): 2
LogDevObjectVersion:   Dev-Editor (E4B068ED-F494-42E9-A231-DA0B2E46BB41): 20
LogDevObjectVersion:   Dev-Framework (CFFC743F-43B0-4480-9391-14DF171D2073): 28
LogDevObjectVersion:   Dev-Mobile (B02B49B5-BB20-44E9-A304-32B752E40360): 0
LogDevObjectVersion:   Dev-Networking (A4E4105C-59A1-49B5-A7C5-40C4547EDFEE): 0
LogDevObjectVersion:   Dev-Online (39C831C9-5AE6-47DC-9A44-9C173E1C8E7C): 0
LogDevObjectVersion:   Dev-Physics (78F01B33-EBEA-4F98-B9B4-84EACCB95AA2): 0
LogDevObjectVersion:   Dev-Platform (6631380F-2D4D-43E0-8009-CF276956A95A): 0
LogDevObjectVersion:   Dev-Rendering (12F88B9F-8875-4AFC-A67C-D90C383ABD29): 19
LogDevObjectVersion:   Dev-Sequencer (7B5AE74C-D270-4C10-A958-57980B212A5A): 4
LogDevObjectVersion:   Dev-VR (D7296918-1DD6-4BDD-9DE2-64A83CC13884): 0
LogDevObjectVersion:   Dev-LoadTimes (C2A15278-BFE7-4AFE-6C17-90FF531DF755): 1
LogDevObjectVersion:   Private-Geometry (6EACA3D4-40EC-4CC1-B786-8BED09428FC5): 1
LogDevObjectVersion:   Dev-AnimPhys (29E575DD-E0A3-4627-9D10-D276232CDCEA): 7
LogInit: Compiled (64-bit): Sep 22 2017 13:47:16
LogInit: Compiled with Visual C++: 19.00.24215.01
LogInit: Build Configuration: Development
LogInit: Branch Name: ++UE4+Release-4.17
LogInit: Command line:  -skipcompile
LogInit: Base directory: C:/Program Files/Epic Games/UE_4.17/Engine/Binaries/Win64/
LogInit: Installed Engine Build: 1
LogInit: Presizing for max 8388607 objects, including 0 objects not considered by GC, pre-allocating 0 bytes for permanent pool.
LogInit: Object subsystem initialized
[2018.10.03-20.16.03:597][  0]LogInit: Selected Device Profile: [Windows]
[2018.10.03-20.16.03:597][  0]LogInit: Applying CVar settings loaded from the selected device profile: [Windows]
[2018.10.03-20.16.03:610][  0]LogInit: Computer: PROTO
[2018.10.03-20.16.03:610][  0]LogInit: User: Magnus
[2018.10.03-20.16.03:610][  0]LogInit: CPU Page size=4096, Cores=4
[2018.10.03-20.16.03:610][  0]LogInit: High frequency timer resolution =2.441435 MHz
[2018.10.03-20.16.03:610][  0]LogMemory: Memory total: Physical=8.0GB (8GB approx)
[2018.10.03-20.16.03:610][  0]LogMemory: Platform Memory Stats for Windows
[2018.10.03-20.16.03:610][  0]LogMemory: Process Physical Memory: 280.89 MB used, 280.89 MB peak
[2018.10.03-20.16.03:610][  0]LogMemory: Process Virtual Memory: 285.80 MB used, 285.80 MB peak
[2018.10.03-20.16.03:610][  0]LogMemory: Physical Memory: 4886.37 MB used,  3255.40 MB free, 8141.77 MB total
[2018.10.03-20.16.03:610][  0]LogMemory: Virtual Memory: 665.09 MB used,  3255.40 MB free, 8388608.00 MB total
[2018.10.03-20.16.03:808][  0]LogInit: Using OS detected language (sv-SE).
[2018.10.03-20.16.03:808][  0]LogInit: Using OS detected locale (sv-SE).
[2018.10.03-20.16.03:813][  0]LogTextLocalizationManager: No localization for 'sv-SE' exists, so 'en' will be used for the language.
[2018.10.03-20.16.03:814][  0]LogTextLocalizationManager: No localization for 'sv-SE' exists, so 'en' will be used for the locale.
[2018.10.03-20.16.04:670][  0]LogD3D11RHI: D3D11 adapters:
[2018.10.03-20.16.04:690][  0]LogD3D11RHI:    0. 'NVIDIA GeForce GTX 970' (Feature Level 11_0)
[2018.10.03-20.16.04:690][  0]LogD3D11RHI:       4007/0/3814 MB DedicatedVideo/DedicatedSystem/SharedSystem, Outputs:1, VendorId:0x10de
[2018.10.03-20.16.04:690][  0]LogD3D11RHI: Chosen D3D11 Adapter: 0
[2018.10.03-20.16.04:697][  0]LogD3D11RHI: Creating new Direct3DDevice
[2018.10.03-20.16.04:697][  0]LogD3D11RHI:     GPU DeviceId: 0x13c2 (for the marketing name, search the web for "GPU Device Id")
[2018.10.03-20.16.04:697][  0]LogWindows: EnumDisplayDevices:
[2018.10.03-20.16.04:698][  0]LogWindows:    0. 'NVIDIA GeForce GTX 970' (P:1 D:1)
[2018.10.03-20.16.04:698][  0]LogWindows:    1. 'NVIDIA GeForce GTX 970' (P:0 D:0)
[2018.10.03-20.16.04:698][  0]LogWindows:    2. 'NVIDIA GeForce GTX 970' (P:0 D:0)
[2018.10.03-20.16.04:699][  0]LogWindows:    3. 'NVIDIA GeForce GTX 970' (P:0 D:0)
[2018.10.03-20.16.04:699][  0]LogWindows:    4. 'RDPDD Chained DD' (P:0 D:0)
[2018.10.03-20.16.04:699][  0]LogWindows:    5. 'RDP Encoder Mirror Driver' (P:0 D:0)
[2018.10.03-20.16.04:700][  0]LogWindows:    6. 'RDP Reflector Display Driver' (P:0 D:0)
[2018.10.03-20.16.04:700][  0]LogWindows: DebugString: GetVideoDriverDetailsInvalid PrimaryIsNotTheChoosenAdapter GetVideoDriverDetailsInvalid PrimaryIsNotTheChoosenAdapter GetVideoDriverDetailsInvalid PrimaryIsNotTheChoosenAdapter FoundDriverCount:4 
[2018.10.03-20.16.04:700][  0]LogD3D11RHI:     Adapter Name: NVIDIA GeForce GTX 970
[2018.10.03-20.16.04:700][  0]LogD3D11RHI:   Driver Version: 388.13 (internal:23.21.13.8813, unified:388.13)
[2018.10.03-20.16.04:700][  0]LogD3D11RHI:      Driver Date: 10-27-2017
[2018.10.03-20.16.04:700][  0]LogRHI: Texture pool is 1361 MB (70% of 1945 MB)
[2018.10.03-20.16.04:711][  0]LogD3D11RHI: Async texture creation enabled
[2018.10.03-20.16.04:726][  0]LogD3D11RHI: GPU Timing Frequency: 1000.000000 (Debug: 2 2)
[2018.10.03-20.16.04:729][  0]LogShaderCompilers: Guid format shader working directory is -37 characters bigger than the processId version (../../../../../../Users/Magnus/Documents/Unreal Projects/vreduGit/vreduGit/vreduGit/Intermediate/Shaders/WorkingDirectory/15196/).
[2018.10.03-20.16.04:729][  0]LogShaderCompilers: Cleaned the shader compiler working directory 'C:/Users/Magnus/AppData/Local/Temp/UnrealShaderWorkingDir/DD3BAD2B41800A663C09EE9E23E1E10D/'.
[2018.10.03-20.16.04:730][  0]LogShaderCompilers: Display: Using Local Shader Compiler.
[2018.10.03-20.16.06:129][  0]LogTemp: Display: Loaded TP AllDesktopTargetPlatform
[2018.10.03-20.16.06:195][  0]LogTemp: Display: Loaded TP MacClientTargetPlatform
[2018.10.03-20.16.06:266][  0]LogTemp: Display: Loaded TP MacNoEditorTargetPlatform
[2018.10.03-20.16.06:344][  0]LogTemp: Display: Loaded TP MacServerTargetPlatform
[2018.10.03-20.16.06:415][  0]LogTemp: Display: Loaded TP MacTargetPlatform
[2018.10.03-20.16.06:486][  0]LogTemp: Display: Loaded TP WindowsClientTargetPlatform
[2018.10.03-20.16.06:560][  0]LogTemp: Display: Loaded TP WindowsNoEditorTargetPlatform
[2018.10.03-20.16.06:630][  0]LogTemp: Display: Loaded TP WindowsServerTargetPlatform
[2018.10.03-20.16.06:690][  0]LogTemp: Display: Loaded TP WindowsTargetPlatform
[2018.10.03-20.16.06:756][  0]LogTemp: Display: Loaded TP AndroidTargetPlatform
[2018.10.03-20.16.06:821][  0]LogTemp: Display: Loaded TP Android_ASTCTargetPlatform
[2018.10.03-20.16.06:882][  0]LogTemp: Display: Loaded TP Android_ATCTargetPlatform
[2018.10.03-20.16.06:943][  0]LogTemp: Display: Loaded TP Android_DXTTargetPlatform
[2018.10.03-20.16.07:004][  0]LogTemp: Display: Loaded TP Android_ETC1TargetPlatform
[2018.10.03-20.16.07:062][  0]LogTemp: Display: Loaded TP Android_ETC2TargetPlatform
[2018.10.03-20.16.07:184][  0]LogTemp: Display: Loaded TP Android_MultiTargetPlatform
[2018.10.03-20.16.07:184][  0]LogTemp: Display: Loaded TP Android_PVRTCTargetPlatform
[2018.10.03-20.16.07:237][  0]LogTemp: Display: Loaded TP HTML5TargetPlatform
[2018.10.03-20.16.07:343][  0]LogTemp: Display: Loaded TP IOSTargetPlatform
[2018.10.03-20.16.07:377][  0]LogTemp: Display: Loaded TP TVOSTargetPlatform
[2018.10.03-20.16.07:439][  0]LogTemp: Display: Loaded TP LinuxClientTargetPlatform
[2018.10.03-20.16.07:507][  0]LogTemp: Display: Loaded TP LinuxNoEditorTargetPlatform
[2018.10.03-20.16.07:573][  0]LogTemp: Display: Loaded TP LinuxServerTargetPlatform
[2018.10.03-20.16.07:638][  0]LogTemp: Display: Loaded TP LinuxTargetPlatform
[2018.10.03-20.16.07:638][  0]LogTargetPlatformManager: Display: Building Assets For Windows
[2018.10.03-20.16.08:226][  0]LogDerivedDataCache: Display: Max Cache Size: 512 MB
[2018.10.03-20.16.08:350][  0]LogDerivedDataCache: Loaded boot cache 0.12s 110MB C:/Users/Magnus/AppData/Local/UnrealEngine/4.17/DerivedDataCache/Boot.ddc.
[2018.10.03-20.16.08:350][  0]LogDerivedDataCache: Display: Loaded Boot cache: C:/Users/Magnus/AppData/Local/UnrealEngine/4.17/DerivedDataCache/Boot.ddc
[2018.10.03-20.16.08:351][  0]LogDerivedDataCache: FDerivedDataBackendGraph:  Pak pak cache file ../../../../../../Users/Magnus/Documents/Unreal Projects/vreduGit/vreduGit/vreduGit/DerivedDataCache/DDC.ddp not found, will not use a pak cache.
[2018.10.03-20.16.08:351][  0]LogDerivedDataCache: Unable to find inner node Pak for hierarchical cache Hierarchy.
[2018.10.03-20.16.08:351][  0]LogDerivedDataCache: FDerivedDataBackendGraph:  CompressedPak pak cache file ../../../../../../Users/Magnus/Documents/Unreal Projects/vreduGit/vreduGit/vreduGit/DerivedDataCache/Compressed.ddp not found, will not use a pak cache.
[2018.10.03-20.16.08:351][  0]LogDerivedDataCache: Unable to find inner node CompressedPak for hierarchical cache Hierarchy.
[2018.10.03-20.16.08:373][  0]LogDerivedDataCache: Display: Pak cache opened for reading ../../../Engine/DerivedDataCache/Compressed.ddp.
[2018.10.03-20.16.08:385][  0]LogDerivedDataCache: Using Local data cache path C:/Users/Magnus/AppData/Local/UnrealEngine/Common/DerivedDataCache: Writable
[2018.10.03-20.16.08:396][  0]LogMaterial: Verifying Global Shaders for PCD3D_SM5
[2018.10.03-20.16.08:397][  0]LogSlate: Using Freetype 2.6.0
[2018.10.03-20.16.08:397][  0]LogSlate: SlateFontCache - WITH_FREETYPE: 1, WITH_HARFBUZZ: 1
[2018.10.03-20.16.08:397][  0]LogSlate: SlateFontCache - WITH_FREETYPE: 1, WITH_HARFBUZZ: 1
[2018.10.03-20.16.08:715][  0]LogAssetRegistry: FAssetRegistry took 0.0248 seconds to start up
[2018.10.03-20.16.08:946][  0]LogInit: Selected Device Profile: [Windows]
[2018.10.03-20.16.08:948][  0]LogContentStreaming: Texture pool size is 0.00 MB
[2018.10.03-20.16.09:457][  0]LogSimplygon: Simplygon DLL not present - disabling.
[2018.10.03-20.16.09:512][  0]LogMeshReduction: Using SimplygonSwarm for distributed automatic mesh merging
[2018.10.03-20.16.09:512][  0]LogMeshReduction: Using QuadricMeshReduction for automatic static mesh reduction
[2018.10.03-20.16.09:512][  0]LogMeshReduction: No automatic skeletal mesh reduction module available
[2018.10.03-20.16.09:512][  0]LogMeshReduction: No automatic mesh merging module available
[2018.10.03-20.16.09:512][  0]LogMeshMerging: No automatic mesh merging module available
[2018.10.03-20.16.09:955][  0]LogNetVersion: vreduGit , NetCL: 3573198, EngineNetVer: 2, GameNetVer: 0 (Checksum: 3176732397)
[2018.10.03-20.16.10:216][  0]LogPackageLocalizationCache: Processed 6 localized package path(s) for 1 prioritized culture(s) in 0.040279 seconds
[2018.10.03-20.16.10:225][  0]LogUObjectArray: 35825 objects as part of root set at end of initial load.
[2018.10.03-20.16.10:225][  0]LogUObjectAllocator: 7529112 out of 0 bytes used by permanent object pool.
[2018.10.03-20.16.10:225][  0]LogUObjectArray: CloseDisregardForGC: 0/0 objects in disregard for GC pool
[2018.10.03-20.16.10:297][  0]LogInit: WinSock: version 1.1 (2.2), MaxSocks=32767, MaxUdp=65467
[2018.10.03-20.16.13:660][  0]LogTcpMessaging: Initializing TcpMessaging bridge
[2018.10.03-20.16.13:710][  0]LogUdpMessaging: Initializing bridge on interface 0.0.0.0:0 to multicast group 230.0.0.1:6666.
[2018.10.03-20.16.14:581][  0]LogMaterial: Uniform references updated for custom material expression Custom.
[2018.10.03-20.16.15:157][  0]SourceControl: Source control is disabled
[2018.10.03-20.16.15:158][  0]SourceControl: Source control is disabled
[2018.10.03-20.16.15:231][  0]SourceControl: Source control is disabled
[2018.10.03-20.16.15:303][  0]SourceControl: Source control is disabled
[2018.10.03-20.16.16:235][  0]LogAndroidPermission: UAndroidPermissionCallbackProxy::GetInstance
[2018.10.03-20.16.16:627][  0]LogOcInput: OculusInput pre-init called
[2018.10.03-20.16.16:983][  0]LogEngine: Initializing Engine...
[2018.10.03-20.16.17:069][  0]LogHMD: SteamVR initialized.  Driver: lighthouse  Display: LHR-7E82AAD1
[2018.10.03-20.16.17:344][  0]LogStats: UGameplayTagsManager::ConstructGameplayTagTree: Construct from data asset -  0.000 s
[2018.10.03-20.16.17:344][  0]LogStats: UGameplayTagsManager::ConstructGameplayTagTree: GameplayTagTreeChangedEvent.Broadcast -  0.000 s
[2018.10.03-20.16.17:513][  0]LogAIModule: Creating AISystem for world Untitled
[2018.10.03-20.16.17:540][  0]LogInit: XAudio2 using 'Headphones (2- High Definition Audio Device)' : 2 channels at 44.1 kHz using 16 bits per sample (channel mask 0x3)
[2018.10.03-20.16.17:555][  0]LogInit: FAudioDevice initialized.
[2018.10.03-20.16.17:705][  0]LogDerivedDataCache: Saved boot cache 0.15s 110MB C:/Users/Magnus/AppData/Local/UnrealEngine/4.17/DerivedDataCache/Boot.ddc.
[2018.10.03-20.16.17:725][  0]LogInit: Texture streaming: Enabled
[2018.10.03-20.16.17:860][  0]LogEngineSessionManager: EngineSessionManager initialized
[2018.10.03-20.16.18:164][  0]LogInit: Transaction tracking system initialized
[2018.10.03-20.16.18:593][  0]BlueprintLog: New page: Editor Load
[2018.10.03-20.16.19:817][  0]LocalizationService: Localization service is disabled
[2018.10.03-20.16.20:528][  0]LogLinker: Warning: Can't find file '/Game/VehicleAdvBP/AdvancedVehicleOverview'
[2018.10.03-20.16.20:529][  0]LogLinker: Warning: Can't find file '/Game/VehicleAdvBP/AdvancedVehicleOverview'
[2018.10.03-20.16.20:529][  0]LogUObjectGlobals: Warning: Failed to find object 'Class /Game/VehicleAdvBP/AdvancedVehicleOverview.AdvancedVehicleOverview_C'
[2018.10.03-20.16.20:803][  0]LogConsoleResponse: Display: 
[2018.10.03-20.16.21:056][  0]LogCook: Display: Max memory allowance for cook 16384mb min free memory 0mb
[2018.10.03-20.16.21:056][  0]LogCook: Display: Mobile HDR setting 1
[2018.10.03-20.16.21:056][  0]LogGameplayTags: Display: UGameplayTagsManager::DoneAddingNativeTags. DelegateIsBound: 0
[2018.10.03-20.16.21:820][  0]LogFileCache: Scanning file cache for directory 'C:/Users/Magnus/Documents/Unreal Projects/vreduGit/vreduGit/vreduGit/Content/' took 0.01s
[2018.10.03-20.16.22:566][  0]SourceControl: Source control is disabled
[2018.10.03-20.16.22:566][  0]Cmd: MAP LOAD FILE="../../../../../../Users/Magnus/Documents/Unreal Projects/vreduGit/vreduGit/vreduGit/Content/StarterContent/Maps/Minimal_Default.umap" TEMPLATE=0 SHOWPROGRESS=1 FEATURELEVEL=3
[2018.10.03-20.16.22:567][  0]LightingResults: New page: Lighting Build
[2018.10.03-20.16.22:629][  0]MapCheck: New page: Map Check
[2018.10.03-20.16.22:629][  0]LightingResults: New page: Lighting Build
[2018.10.03-20.16.23:158][  0]LogAIModule: Creating AISystem for world Minimal_Default
[2018.10.03-20.16.23:168][  0]LogEditorServer: Finished looking for orphan Actors (0.000 secs)
[2018.10.03-20.16.23:188][  0]Cmd: MAP CHECKDEP NOCLEARLOG
[2018.10.03-20.16.23:287][  0]MapCheck: Map check complete: 0 Error(s), 0 Warning(s), took 99.182ms to complete.
[2018.10.03-20.16.23:287][  0]LogFileHelpers: Loading map 'Minimal_Default' took 0.721
[2018.10.03-20.16.23:437][  0]LogCollectionManager: Loaded 0 collections in 0.003938 seconds
[2018.10.03-20.16.23:540][  0]LogFileCache: Scanning file cache for directory 'C:/Users/Magnus/Documents/Unreal Projects/vreduGit/vreduGit/vreduGit/Saved/Collections/' took 0.01s
[2018.10.03-20.16.23:540][  0]LogFileCache: Scanning file cache for directory 'C:/Users/Magnus/Documents/Unreal Projects/vreduGit/vreduGit/vreduGit/Content/Developers/Magnus/Collections/' took 0.01s
[2018.10.03-20.16.23:540][  0]LogFileCache: Scanning file cache for directory 'C:/Users/Magnus/Documents/Unreal Projects/vreduGit/vreduGit/vreduGit/Content/Collections/' took 0.01s
[2018.10.03-20.16.23:540][  0]LogCollectionManager: Rebuilt the GUID cache for 0 collections in 0.000000 seconds
[2018.10.03-20.16.23:553][  0]LogContentBrowser: Native class hierarchy populated in 0.0127 seconds. Added 2397 classes and 503 folders.
[2018.10.03-20.16.23:643][  0]LogContentBrowser: Native class hierarchy updated for 'WidgetCarousel' in 0.0007 seconds. Added 0 classes and 0 folders.
[2018.10.03-20.16.23:706][  0]LogContentBrowser: Native class hierarchy updated for 'AddContentDialog' in 0.0010 seconds. Added 0 classes and 0 folders.
[2018.10.03-20.16.23:766][  0]LogContentBrowser: Native class hierarchy updated for 'SceneOutliner' in 0.0009 seconds. Added 1 classes and 2 folders.
[2018.10.03-20.16.23:858][  0]LogDirectoryWatcher: Warning: Failed to begin reading directory changes for ../../../../../../Users/Magnus/Documents/Unreal Projects/vreduGit/vreduGit/vreduGit/Plugins/. Error: The system cannot find the file specified. (0x00000002)
[2018.10.03-20.16.23:862][  0]LogSlate: Took 0.000241 seconds to synchronously load lazily loaded font '../../../Engine/Content/Slate/Fonts/Roboto-Regular.ttf' (155K)
[2018.10.03-20.16.23:864][  0]LogSlate: Took 0.000193 seconds to synchronously load lazily loaded font '../../../Engine/Content/Slate/Fonts/Roboto-Bold.ttf' (160K)
[2018.10.03-20.16.23:870][  0]LogSlate: Took 0.000306 seconds to synchronously load lazily loaded font '../../../Engine/Content/Editor/Slate/Fonts/FontAwesome.ttf' (139K)
[2018.10.03-20.16.23:870][  0]LogSlate: Took 0.000230 seconds to synchronously load lazily loaded font '../../../Engine/Content/Editor/Slate/Fonts/DroidSansMono.ttf' (77K)
[2018.10.03-20.16.24:024][  0]LogRenderer: Reallocating scene render targets to support 1056x544 Format 10 NumSamples 1 (Frame:1).
[2018.10.03-20.16.24:325][  0]LogContentBrowser: Native class hierarchy updated for 'HierarchicalLODOutliner' in 0.0013 seconds. Added 1 classes and 2 folders.
[2018.10.03-20.16.24:326][  0]LogLoad: (Engine Initialization) Total time: 23.18 seconds
[2018.10.03-20.16.24:326][  0]LogLoad: (Engine Initialization) Total Blueprint compile time: 0.00 seconds
[2018.10.03-20.16.24:327][  0]LogExternalProfiler: No external profilers were discovered.  External profiling features will not be available.
[2018.10.03-20.16.24:346][  0]LogSteamVRController: Controller role for device 2 is 0 (invalid=0, left=1, right=2).
[2018.10.03-20.16.24:346][  0]LogSteamVRController: Warning: Controller device 2 has no role set.  There is no 'right' controller according to steamvr, so we are pickign that.
[2018.10.03-20.16.24:373][  0]LogSteamVRController: Controller role for device 3 is 0 (invalid=0, left=1, right=2).
[2018.10.03-20.16.24:373][  0]LogSteamVRController: Putting controller 3 on the left hand because there is already a controller for the right.
[2018.10.03-20.16.24:394][  0]LogContentStreaming: Texture pool size now 1000 MB
[2018.10.03-20.16.24:466][  1]LogAssetRegistry: Asset discovery search completed in 15.7712 seconds
[2018.10.03-20.16.24:470][  1]LogCollectionManager: Rebuilt the object cache for 0 collections in 0.000001 seconds (found 0 objects)
[2018.10.03-20.16.24:470][  1]LogCollectionManager: Fixed up redirectors for 0 collections in 0.000424 seconds (updated 0 objects)
[2018.10.03-20.16.31:800][718]LogDirectoryWatcher: A directory notification for '../../../Engine/Plugins/' was aborted.
[2018.10.03-20.16.43:821][ 87]LogTemp: Repeating last play command: Selected Viewport
[2018.10.03-20.16.43:904][ 87]LogBlueprintUserMessages: Early PlayInEditor Detection: Level '/Game/StarterContent/Maps/Minimal_Default.Minimal_Default:PersistentLevel' has LevelScriptBlueprint '/Game/StarterContent/Maps/Minimal_Default.Minimal_Default:PersistentLevel.Minimal_Default' with GeneratedClass '/Game/StarterContent/Maps/Minimal_Default.Minimal_Default_C' with ClassGeneratedBy '/Game/StarterContent/Maps/Minimal_Default.Minimal_Default:PersistentLevel.Minimal_Default'
[2018.10.03-20.16.43:905][ 87]LogPlayLevel: PlayLevel: No blueprints needed recompiling
[2018.10.03-20.16.43:918][ 87]PIE: New page: PIE session: Minimal_Default (Oct 4, 2018, 12:16:43 AM)
[2018.10.03-20.16.43:919][ 87]LogPlayLevel: Creating play world package: /Game/StarterContent/Maps/UEDPIE_0_Minimal_Default
[2018.10.03-20.16.43:932][ 87]LogPlayLevel: PIE: StaticDuplicateObject took: (0.012280s)
[2018.10.03-20.16.43:932][ 87]LogAIModule: Creating AISystem for world Minimal_Default
[2018.10.03-20.16.43:933][ 87]LogPlayLevel: PIE: World Init took: (0.000809s)
[2018.10.03-20.16.43:933][ 87]LogPlayLevel: PIE: Created PIE world by copying editor world from /Game/StarterContent/Maps/Minimal_Default.Minimal_Default to /Game/StarterContent/Maps/UEDPIE_0_Minimal_Default.Minimal_Default (0.014474s)
[2018.10.03-20.16.43:958][ 87]LogInit: XAudio2 using 'Headphones (2- High Definition Audio Device)' : 2 channels at 44.1 kHz using 16 bits per sample (channel mask 0x3)
[2018.10.03-20.16.43:969][ 87]LogInit: FAudioDevice initialized.
[2018.10.03-20.16.44:014][ 87]LogLoad: Game class is 'GameModeBase'
[2018.10.03-20.16.44:019][ 87]LogWorld: Bringing World /Game/StarterContent/Maps/UEDPIE_0_Minimal_Default.Minimal_Default up for play (max tick rate 0) at 2018.10.03-22.16.44
[2018.10.03-20.16.44:022][ 87]LogWorld: Bringing up level for play took: 0.003659
[2018.10.03-20.16.44:093][ 87]LogContentBrowser: Native class hierarchy updated for 'MovieSceneCapture' in 0.0009 seconds. Added 11 classes and 0 folders.
[2018.10.03-20.16.44:099][ 87]PIE: Play in editor start time for /Game/StarterContent/Maps/UEDPIE_0_Minimal_Default -0.613
[2018.10.03-20.16.44:099][ 87]LogBlueprintUserMessages: Late PlayInEditor Detection: Level '/Game/StarterContent/Maps/Minimal_Default.Minimal_Default:PersistentLevel' has LevelScriptBlueprint '/Game/StarterContent/Maps/Minimal_Default.Minimal_Default:PersistentLevel.Minimal_Default' with GeneratedClass '/Game/StarterContent/Maps/Minimal_Default.Minimal_Default_C' with ClassGeneratedBy '/Game/StarterContent/Maps/Minimal_Default.Minimal_Default:PersistentLevel.Minimal_Default'
[2018.10.03-20.16.44:149][ 88]LogRenderer: Reallocating scene render targets to support 1476x764 Format 10 NumSamples 1 (Frame:1).
[2018.10.03-20.16.57:252][586]LogBlueprintUserMessages: Early EndPlayMap Detection: Level '/Game/StarterContent/Maps/Minimal_Default.Minimal_Default:PersistentLevel' has LevelScriptBlueprint '/Game/StarterContent/Maps/Minimal_Default.Minimal_Default:PersistentLevel.Minimal_Default' with GeneratedClass '/Game/StarterContent/Maps/Minimal_Default.Minimal_Default_C' with ClassGeneratedBy '/Game/StarterContent/Maps/Minimal_Default.Minimal_Default:PersistentLevel.Minimal_Default'
[2018.10.03-20.16.57:288][586]LogBlueprintUserMessages: Late EndPlayMap Detection: Level '/Game/StarterContent/Maps/Minimal_Default.Minimal_Default:PersistentLevel' has LevelScriptBlueprint '/Game/StarterContent/Maps/Minimal_Default.Minimal_Default:PersistentLevel.Minimal_Default' with GeneratedClass '/Game/StarterContent/Maps/Minimal_Default.Minimal_Default_C' with ClassGeneratedBy '/Game/StarterContent/Maps/Minimal_Default.Minimal_Default:PersistentLevel.Minimal_Default'
